Tue Nov 28 23:06:45 2023       
+-----------------------------------------------------------------------------+
| NVIDIA-SMI 525.89.02    Driver Version: 525.89.02    CUDA Version: 12.0     |
|-------------------------------+----------------------+----------------------+
| GPU  Name        Persistence-M| Bus-Id        Disp.A | Volatile Uncorr. ECC |
| Fan  Temp  Perf  Pwr:Usage/Cap|         Memory-Usage | GPU-Util  Compute M. |
|                               |                      |               MIG M. |
|===============================+======================+======================|
|   0  Tesla V100-PCIE...  Off  | 00000000:40:00.0 Off |                    0 |
| N/A   30C    P0    37W / 250W |      0MiB / 32768MiB |      1%      Default |
|                               |                      |                  N/A |
+-------------------------------+----------------------+----------------------+
                                                                               
+-----------------------------------------------------------------------------+
| Processes:                                                                  |
|  GPU   GI   CI        PID   Type   Process name                  GPU Memory |
|        ID   ID                                                   Usage      |
|=============================================================================|
|  No running processes found                                                 |
+-----------------------------------------------------------------------------+
Task: headqa_en; number of docs: 2742
Task: headqa_en; document 0; context prompt (starting on next line):
Question: The yellow fever virus is a:
Answer:
(end of prompt on previous line)
Requests: [Req_loglikelihood('Question: The yellow fever virus is a:\nAnswer:', ' Flavivirus.')[0]
, Req_loglikelihood('Question: The yellow fever virus is a:\nAnswer:', ' Alfavirus.')[0]
, Req_loglikelihood('Question: The yellow fever virus is a:\nAnswer:', ' Bornavirus.')[0]
, Req_loglikelihood('Question: The yellow fever virus is a:\nAnswer:', ' Arenavirus.')[0]
]
Task: headqa_es; number of docs: 2742
Task: headqa_es; document 0; context prompt (starting on next line):
Question: El virus de la fiebre amarilla es un:
Answer:
(end of prompt on previous line)
Requests: [Req_loglikelihood('Question: El virus de la fiebre amarilla es un:\nAnswer:', ' Flavivirus.')[0]
, Req_loglikelihood('Question: El virus de la fiebre amarilla es un:\nAnswer:', ' Alfavirus.')[0]
, Req_loglikelihood('Question: El virus de la fiebre amarilla es un:\nAnswer:', ' Bornavirus.')[0]
, Req_loglikelihood('Question: El virus de la fiebre amarilla es un:\nAnswer:', ' Arenavirus.')[0]
]
Running loglikelihood requests
GPT2-774M   {'results': {'headqa_en': {'acc': 0.24945295404814005, 'acc_stderr': 0.008264731858357683, 'acc_norm': 0.28191101385849743, 'acc_norm_stderr': 0.008593906746745194}, 'headqa_es': {'acc': 0.2097009482129832, 'acc_stderr': 0.007775734257541658, 'acc_norm': 0.25309992706053974, 'acc_norm_stderr': 0.008304676949891693}}, 'versions': {'headqa_en': 0, 'headqa_es': 0}, 'config': {'model': None, 'model_args': '', 'num_fewshot': 0, 'batch_size': 1, 'batch_sizes': [], 'device': 'cpu', 'no_cache': False, 'limit': None, 'bootstrap_iters': 100000, 'description_dict': None}}
