Mon Dec 11 13:54:52 2023       
+-----------------------------------------------------------------------------+
| NVIDIA-SMI 525.89.02    Driver Version: 525.89.02    CUDA Version: 12.0     |
|-------------------------------+----------------------+----------------------+
| GPU  Name        Persistence-M| Bus-Id        Disp.A | Volatile Uncorr. ECC |
| Fan  Temp  Perf  Pwr:Usage/Cap|         Memory-Usage | GPU-Util  Compute M. |
|                               |                      |               MIG M. |
|===============================+======================+======================|
|   0  Tesla V100-PCIE...  Off  | 00000000:40:00.0 Off |                    0 |
| N/A   32C    P0    37W / 250W |      0MiB / 32768MiB |      1%      Default |
|                               |                      |                  N/A |
+-------------------------------+----------------------+----------------------+
                                                                               
+-----------------------------------------------------------------------------+
| Processes:                                                                  |
|  GPU   GI   CI        PID   Type   Process name                  GPU Memory |
|        ID   ID                                                   Usage      |
|=============================================================================|
|  No running processes found                                                 |
+-----------------------------------------------------------------------------+
Task: headqa_en; number of docs: 2742
Task: headqa_en; document 0; context prompt (starting on next line):
Question: The yellow fever virus is a:
Answer:
(end of prompt on previous line)
Requests: [Req_loglikelihood('Question: The yellow fever virus is a:\nAnswer:', ' Flavivirus.')[0]
, Req_loglikelihood('Question: The yellow fever virus is a:\nAnswer:', ' Alfavirus.')[0]
, Req_loglikelihood('Question: The yellow fever virus is a:\nAnswer:', ' Bornavirus.')[0]
, Req_loglikelihood('Question: The yellow fever virus is a:\nAnswer:', ' Arenavirus.')[0]
]
Task: headqa_es; number of docs: 2742
Task: headqa_es; document 0; context prompt (starting on next line):
Question: El virus de la fiebre amarilla es un:
Answer:
(end of prompt on previous line)
Requests: [Req_loglikelihood('Question: El virus de la fiebre amarilla es un:\nAnswer:', ' Flavivirus.')[0]
, Req_loglikelihood('Question: El virus de la fiebre amarilla es un:\nAnswer:', ' Alfavirus.')[0]
, Req_loglikelihood('Question: El virus de la fiebre amarilla es un:\nAnswer:', ' Bornavirus.')[0]
, Req_loglikelihood('Question: El virus de la fiebre amarilla es un:\nAnswer:', ' Arenavirus.')[0]
]
Task: pawsx_en; number of docs: 2000
Task: pawsx_en; document 0; context prompt (starting on next line):
The first category is monovalent verbs , where there is only one semantic argument and it consists of both unergative verbs and unaccusative verbs ., right? [MASK], The first category is unergative verbs , where there is only one unaccountable argument and consists of both semantic verbs and monovalent verbs .
(end of prompt on previous line)
Requests: (Req_loglikelihood_rolling('The first category is monovalent verbs , where there is only one semantic argument and it consists of both unergative verbs and unaccusative verbs ., right? Yes, The first category is unergative verbs , where there is only one unaccountable argument and consists of both semantic verbs and monovalent verbs .',)[None]
, Req_loglikelihood_rolling('The first category is monovalent verbs , where there is only one semantic argument and it consists of both unergative verbs and unaccusative verbs ., right? No, The first category is unergative verbs , where there is only one unaccountable argument and consists of both semantic verbs and monovalent verbs .',)[None]
)
Task: pawsx_es; number of docs: 2000
Task: pawsx_es; document 0; context prompt (starting on next line):
La primera categoría es la de verbos monovalentes, donde solo hay un argumento semántico y consiste de verbos inergativos y verbos inacusativos., verdad? [MASK], La primera categoría son los verbos inergativos, donde solo hay un argumento inacusativo y está compuesto por verbos semánticos y monovalentes.
(end of prompt on previous line)
Requests: (Req_loglikelihood_rolling('La primera categoría es la de verbos monovalentes, donde solo hay un argumento semántico y consiste de verbos inergativos y verbos inacusativos., verdad? Sí, La primera categoría son los verbos inergativos, donde solo hay un argumento inacusativo y está compuesto por verbos semánticos y monovalentes.',)[None]
, Req_loglikelihood_rolling('La primera categoría es la de verbos monovalentes, donde solo hay un argumento semántico y consiste de verbos inergativos y verbos inacusativos., verdad? No, La primera categoría son los verbos inergativos, donde solo hay un argumento inacusativo y está compuesto por verbos semánticos y monovalentes.',)[None]
)
Task: pawsx_zh; number of docs: 2000
Task: pawsx_zh; document 0; context prompt (starting on next line):
第一类是单价动词，该类动词仅有一个语义参数，包括非作格动词和非宾格动词。, 对吧? [MASK], 第一类为非作格动词，其中仅有一个难以理解的参数且由语义动词和一价动词组成。
(end of prompt on previous line)
Requests: (Req_loglikelihood_rolling('第一类是单价动词，该类动词仅有一个语义参数，包括非作格动词和非宾格动词。, 对吧? 是, 第一类为非作格动词，其中仅有一个难以理解的参数且由语义动词和一价动词组成。',)[None]
, Req_loglikelihood_rolling('第一类是单价动词，该类动词仅有一个语义参数，包括非作格动词和非宾格动词。, 对吧? 不是, 第一类为非作格动词，其中仅有一个难以理解的参数且由语义动词和一价动词组成。',)[None]
)
Task: xnli_en; number of docs: 5010
Task: xnli_en; document 0; context prompt (starting on next line):
Using these eight simple techniques, you can fabricate a news story in the comfort of your own home., right? [MASK], Only news reporters in a newsroom can write a news story, and it takes 20 steps to do it.
(end of prompt on previous line)
Requests: (Req_loglikelihood_rolling('Using these eight simple techniques, you can fabricate a news story in the comfort of your own home., right? Yes, Only news reporters in a newsroom can write a news story, and it takes 20 steps to do it.',)[None]
, Req_loglikelihood_rolling('Using these eight simple techniques, you can fabricate a news story in the comfort of your own home., right? Also, Only news reporters in a newsroom can write a news story, and it takes 20 steps to do it.',)[None]
, Req_loglikelihood_rolling('Using these eight simple techniques, you can fabricate a news story in the comfort of your own home., right? No, Only news reporters in a newsroom can write a news story, and it takes 20 steps to do it.',)[None]
)
Task: xnli_es; number of docs: 5010
Task: xnli_es; document 0; context prompt (starting on next line):
Usando estas ocho técnicas simples, puede fabricar una noticia en la comodidad de su propio hogar., correcto? [MASK], Solo los periodistas en una sala de redacción pueden escribir una noticia, y se necesitan 20 pasos para hacerlo.
(end of prompt on previous line)
Requests: (Req_loglikelihood_rolling('Usando estas ocho técnicas simples, puede fabricar una noticia en la comodidad de su propio hogar., correcto? Sí, Solo los periodistas en una sala de redacción pueden escribir una noticia, y se necesitan 20 pasos para hacerlo.',)[None]
, Req_loglikelihood_rolling('Usando estas ocho técnicas simples, puede fabricar una noticia en la comodidad de su propio hogar., correcto? Asi que, Solo los periodistas en una sala de redacción pueden escribir una noticia, y se necesitan 20 pasos para hacerlo.',)[None]
, Req_loglikelihood_rolling('Usando estas ocho técnicas simples, puede fabricar una noticia en la comodidad de su propio hogar., correcto? No, Solo los periodistas en una sala de redacción pueden escribir una noticia, y se necesitan 20 pasos para hacerlo.',)[None]
)
Task: xnli_zh; number of docs: 5010
Task: xnli_zh; document 0; context prompt (starting on next line):
使用这八种简单的技巧，您可以在舒适的家中制作新闻故事。, 正确? [MASK], 只有新闻编辑部的新闻记者才能撰写新闻报道，并且需要20个步骤才能完成。
(end of prompt on previous line)
Requests: (Req_loglikelihood_rolling('使用这八种简单的技巧，您可以在舒适的家中制作新闻故事。, 正确? 是的, 只有新闻编辑部的新闻记者才能撰写新闻报道，并且需要20个步骤才能完成。',)[None]
, Req_loglikelihood_rolling('使用这八种简单的技巧，您可以在舒适的家中制作新闻故事。, 正确? 所以, 只有新闻编辑部的新闻记者才能撰写新闻报道，并且需要20个步骤才能完成。',)[None]
, Req_loglikelihood_rolling('使用这八种简单的技巧，您可以在舒适的家中制作新闻故事。, 正确? 不是的, 只有新闻编辑部的新闻记者才能撰写新闻报道，并且需要20个步骤才能完成。',)[None]
)
Task: xstory_cloze_en; number of docs: 1511
Task: xstory_cloze_en; document 0; context prompt (starting on next line):
Johnson has never liked being outdoors very much. His girlfriend teases him that he could never go on a camping trip. Johnson decides to prove her wrong. He packs up a tent and goes camping for a long weekend.
(end of prompt on previous line)
Requests: [Req_loglikelihood('Johnson has never liked being outdoors very much. His girlfriend teases him that he could never go on a camping trip. Johnson decides to prove her wrong. He packs up a tent and goes camping for a long weekend.', ' He had a miserable weekend, but told his girlfriend it was great.')[0]
, Req_loglikelihood('Johnson has never liked being outdoors very much. His girlfriend teases him that he could never go on a camping trip. Johnson decides to prove her wrong. He packs up a tent and goes camping for a long weekend.', ' Johnson was an avid outdoorsman and hiked often.')[0]
]
Task: xstory_cloze_es; number of docs: 1511
Task: xstory_cloze_es; document 0; context prompt (starting on next line):
A Johnson nunca le ha gustado mucho estar al aire libre. Su novia se burla de él diciendo que nunca podría ir de acampada. Johnson decide demostrar que está equivocada. Coge una tienda de campaña y se va de acampada durante todo el fin de semana.
(end of prompt on previous line)
Requests: [Req_loglikelihood('A Johnson nunca le ha gustado mucho estar al aire libre. Su novia se burla de él diciendo que nunca podría ir de acampada. Johnson decide demostrar que está equivocada. Coge una tienda de campaña y se va de acampada durante todo el fin de semana.', ' Pasó un fin de semana lamentable, pero le dijo a su novia que fue genial.')[0]
, Req_loglikelihood('A Johnson nunca le ha gustado mucho estar al aire libre. Su novia se burla de él diciendo que nunca podría ir de acampada. Johnson decide demostrar que está equivocada. Coge una tienda de campaña y se va de acampada durante todo el fin de semana.', ' Johnson era un gran aficionado a las actividades al aire libre y practicaba el senderismo con frecuencia.')[0]
]
Task: xstory_cloze_zh; number of docs: 1511
Task: xstory_cloze_zh; document 0; context prompt (starting on next line):
约翰逊一向不太喜欢户外活动。 他的女朋友调侃说他永远不会去露营旅行。 约翰逊决心要证明她是错的。 他带了一个帐篷，在长周末去露营。
(end of prompt on previous line)
Requests: [Req_loglikelihood('约翰逊一向不太喜欢户外活动。 他的女朋友调侃说他永远不会去露营旅行。 约翰逊决心要证明她是错的。 他带了一个帐篷，在长周末去露营。', ' 他度过了一个糟糕的周末，但却告诉他的女朋友一切都很棒。')[0]
, Req_loglikelihood('约翰逊一向不太喜欢户外活动。 他的女朋友调侃说他永远不会去露营旅行。 约翰逊决心要证明她是错的。 他带了一个帐篷，在长周末去露营。', ' 约翰逊是一个狂热的户外活动爱好者，经常去远足。')[0]
]
Running loglikelihood requests
Running loglikelihood_rolling requests
bigscience/bloom-1b1   {'results': {'headqa_en': {'acc': 0.26440554339897887, 'acc_stderr': 0.008423643607316284, 'acc_norm': 0.30488694383661563, 'acc_norm_stderr': 0.008793112278191295}, 'headqa_es': {'acc': 0.24434719183078046, 'acc_stderr': 0.008207488987159709, 'acc_norm': 0.2830051057622174, 'acc_norm_stderr': 0.008604004902114394}, 'xstory_cloze_en': {'acc': 0.6254136333553938, 'acc_stderr': 0.012455787254852474}, 'xstory_cloze_es': {'acc': 0.5830575777630708, 'acc_stderr': 0.01268835412160781}, 'xstory_cloze_zh': {'acc': 0.5804103242885507, 'acc_stderr': 0.01269964226820075}, 'pawsx_en': {'acc': 0.5245, 'acc_stderr': 0.011169702598013186}, 'pawsx_es': {'acc': 0.515, 'acc_stderr': 0.011178102477052804}, 'pawsx_zh': {'acc': 0.4895, 'acc_stderr': 0.011180669867648657}, 'xnli_en': {'acc': 0.5147704590818363, 'acc_stderr': 0.007061629189884944}, 'xnli_es': {'acc': 0.47984031936127747, 'acc_stderr': 0.00705896771560341}, 'xnli_zh': {'acc': 0.36227544910179643, 'acc_stderr': 0.006791418670232308}}, 'versions': {'headqa_en': 0, 'headqa_es': 0, 'pawsx_en': 0, 'pawsx_es': 0, 'pawsx_zh': 0, 'xnli_en': 0, 'xnli_es': 0, 'xnli_zh': 0, 'xstory_cloze_en': 0, 'xstory_cloze_es': 0, 'xstory_cloze_zh': 0}, 'config': {'model': None, 'model_args': '', 'num_fewshot': 0, 'batch_size': 1, 'batch_sizes': [], 'device': 'cuda:0', 'no_cache': False, 'limit': None, 'bootstrap_iters': 100000, 'description_dict': None}}
